
========== runOnStdio: log file start ==========
SMethod_Initialized is called.
SMethod_TextDocumentDidOpen start
Load: start
Load: reading virtual file
Load: no holes
Load: no holes, setting file state directly
Load: sending workspace/semanticTokens/refresh
Load: end
SMethod_TextDocumentDidOpen end
SMethod_WorkspaceDidChangeConfiguration start
SMethod_WorkspaceDidChangeConfiguration end
semantic token: start
semantic token: start
SMethod_TextDocumentDidOpen start
Load: start
Load: reading virtual file
Load: no holes
Load: type/struct error
Load: end
SMethod_TextDocumentDidOpen end
semantic token: start

========== runOnStdio: log file start ==========
SMethod_Initialized is called.
SMethod_TextDocumentDidOpen start
Load: start
Load: reading virtual file
Load: no holes
Load: no holes, setting file state directly
Load: sending workspace/semanticTokens/refresh
Load: end
SMethod_TextDocumentDidOpen end
json: decoding request
JSON content: {"filePath":"/workspaces/gcl-all/gcl-vscode/example/mss.gcl"}
json: decoding succeeded
Load: start
Load: reading virtual file
Load: no holes
Load: no holes, setting file state directly
Load: sending workspace/semanticTokens/refresh
Load: end
SMethod_WorkspaceDidChangeConfiguration start
SMethod_WorkspaceDidChangeConfiguration end
semantic token: start
semantic token: start
SMethod_TextDocumentDidClose start
SMethod_TextDocumentDidClose end
SMethod_TextDocumentDidOpen start
Load: start
Load: reading virtual file
Load: no holes
Load: no holes, setting file state directly
Load: sending workspace/semanticTokens/refresh
Load: end
SMethod_TextDocumentDidOpen end
semantic token: start
semantic token: start
SMethod_TextDocumentDidClose start
SMethod_TextDocumentDidClose end
SMethod_TextDocumentDidOpen start
Load: start
Load: reading virtual file
Load: no holes
Load: no holes, setting file state directly
Load: sending workspace/semanticTokens/refresh
Load: end
SMethod_TextDocumentDidOpen end
semantic token: start
semantic token: start
SMethod_TextDocumentDidClose start
SMethod_TextDocumentDidClose end
SMethod_TextDocumentDidOpen start
Load: start
Load: reading virtual file
Load: no holes
Load: no holes, setting file state directly
Load: sending workspace/semanticTokens/refresh
Load: end
SMethod_TextDocumentDidOpen end
semantic token: start
semantic token: start
SMethod_TextDocumentDidClose start
SMethod_TextDocumentDidClose end
SMethod_TextDocumentDidOpen start
Load: start
Load: reading virtual file
Load: no holes
Load: no holes, setting file state directly
Load: sending workspace/semanticTokens/refresh
Load: end
SMethod_TextDocumentDidOpen end
semantic token: start
semantic token: start
SMethod_TextDocumentDidClose start
SMethod_TextDocumentDidClose end
SMethod_TextDocumentDidOpen start
Load: start
Load: reading virtual file
Load: no holes
Load: no holes, setting file state directly
Load: sending workspace/semanticTokens/refresh
Load: end
SMethod_TextDocumentDidOpen end
semantic token: start
semantic token: start
SMethod_TextDocumentDidClose start
SMethod_TextDocumentDidClose end
SMethod_TextDocumentDidOpen start
Load: start
Load: reading virtual file
Load: no holes
Load: no holes, setting file state directly
Load: sending workspace/semanticTokens/refresh
Load: end
SMethod_TextDocumentDidOpen end
semantic token: start
semantic token: start
SMethod_TextDocumentDidClose start
SMethod_TextDocumentDidClose end
SMethod_TextDocumentDidOpen start
Load: start
Load: reading virtual file
Load: no holes
Load: no holes, setting file state directly
Load: sending workspace/semanticTokens/refresh
Load: end
SMethod_TextDocumentDidOpen end
semantic token: start
SMethod_TextDocumentDidClose start
SMethod_TextDocumentDidClose end
SMethod_TextDocumentDidOpen start
Load: start
Load: reading virtual file
Load: no holes
Load: no holes, setting file state directly
Load: sending workspace/semanticTokens/refresh
Load: end
SMethod_TextDocumentDidOpen end
semantic token: start
semantic token: start
SMethod_TextDocumentDidOpen start
Load: start
Load: reading virtual file
Load: no holes
Load: no holes, setting file state directly
Load: sending workspace/semanticTokens/refresh
Load: end
SMethod_TextDocumentDidOpen end
semantic token: start
semantic token: start
SMethod_TextDocumentDidClose start
SMethod_TextDocumentDidClose end
SMethod_TextDocumentDidOpen start
Load: start
Load: reading virtual file
Load: no holes
Load: no holes, setting file state directly
Load: sending workspace/semanticTokens/refresh
Load: end
SMethod_TextDocumentDidOpen end
semantic token: start
semantic token: start
SMethod_TextDocumentDidClose start
SMethod_TextDocumentDidClose end
SMethod_TextDocumentDidOpen start
Load: start
Load: reading virtual file
Load: no holes
Load: no holes, setting file state directly
Load: sending workspace/semanticTokens/refresh
Load: end
SMethod_TextDocumentDidOpen end
semantic token: start
semantic token: start
SMethod_TextDocumentDidClose start
SMethod_TextDocumentDidClose end
SMethod_TextDocumentDidOpen start
Load: start
Load: reading virtual file
Load: no holes
Load: no holes, setting file state directly
Load: sending workspace/semanticTokens/refresh
Load: end
SMethod_TextDocumentDidOpen end
semantic token: start
semantic token: start
SMethod_TextDocumentDidClose start
SMethod_TextDocumentDidClose end
SMethod_TextDocumentDidOpen start
Load: start
Load: reading virtual file
Load: no holes
Load: no holes, setting file state directly
Load: sending workspace/semanticTokens/refresh
Load: end
SMethod_TextDocumentDidOpen end
semantic token: start
semantic token: start

========== runOnStdio: log file start ==========
SMethod_Initialized is called.
SMethod_TextDocumentDidOpen start
Load: start
Load: reading virtual file
Load: no holes
Load: no holes, setting file state directly
Load: sending workspace/semanticTokens/refresh
Load: end
SMethod_TextDocumentDidOpen end
SMethod_WorkspaceDidChangeConfiguration start
SMethod_WorkspaceDidChangeConfiguration end
semantic token: start
SMethod_TextDocumentDidClose start
SMethod_TextDocumentDidClose end
SMethod_TextDocumentDidOpen start
Load: start
Load: reading virtual file
Load: no holes
Load: no holes, setting file state directly
Load: sending workspace/semanticTokens/refresh
Load: end
SMethod_TextDocumentDidOpen end
semantic token: start
semantic token: start
hover: start
hover: not exist - no information for this position
hover: end
hover: start
hover: success
hover: response sent
hover: end
SMethod_TextDocumentDidChange start
tokens: 147 specs: 0 holes: 0 POs: 5 warnings: 0
didChange: took 0.053 ms
SMethod_TextDocumentDidChange end
SMethod_TextDocumentDidChange start
tokens: 147 specs: 0 holes: 0 POs: 5 warnings: 0
didChange: took 0.078 ms
SMethod_TextDocumentDidChange end
SMethod_TextDocumentDidChange start
tokens: 147 specs: 0 holes: 0 POs: 5 warnings: 0
didChange: took 0.169 ms
SMethod_TextDocumentDidChange end
SMethod_TextDocumentDidChange start
tokens: 147 specs: 0 holes: 0 POs: 5 warnings: 0
didChange: took 0.064 ms
SMethod_TextDocumentDidChange end
semantic token: start
SMethod_TextDocumentDidChange start
tokens: 147 specs: 0 holes: 0 POs: 5 warnings: 0
didChange: took 0.120 ms
SMethod_TextDocumentDidChange end
SMethod_TextDocumentDidChange start
tokens: 147 specs: 0 holes: 0 POs: 5 warnings: 0
didChange: took 0.077 ms
SMethod_TextDocumentDidChange end
semantic token: start
SMethod_TextDocumentDidChange start
tokens: 147 specs: 0 holes: 0 POs: 5 warnings: 0
didChange: took 0.083 ms
SMethod_TextDocumentDidChange end
SMethod_TextDocumentDidChange start
tokens: 147 specs: 0 holes: 0 POs: 5 warnings: 0
didChange: took 0.058 ms
SMethod_TextDocumentDidChange end
SMethod_TextDocumentDidChange start
tokens: 147 specs: 0 holes: 0 POs: 5 warnings: 0
didChange: took 0.059 ms
SMethod_TextDocumentDidChange end
SMethod_TextDocumentDidChange start
tokens: 147 specs: 0 holes: 0 POs: 5 warnings: 0
didChange: took 0.102 ms
SMethod_TextDocumentDidChange end
semantic token: start
SMethod_TextDocumentDidChange start
tokens: 147 specs: 0 holes: 0 POs: 5 warnings: 0
didChange: took 0.045 ms
SMethod_TextDocumentDidChange end
SMethod_TextDocumentDidChange start
tokens: 147 specs: 0 holes: 0 POs: 5 warnings: 0
didChange: took 0.068 ms
SMethod_TextDocumentDidChange end
SMethod_TextDocumentDidChange start
tokens: 147 specs: 0 holes: 0 POs: 5 warnings: 0
didChange: took 0.074 ms
SMethod_TextDocumentDidChange end
semantic token: start
SMethod_TextDocumentDidChange start
tokens: 147 specs: 0 holes: 0 POs: 5 warnings: 0
didChange: took 0.065 ms
SMethod_TextDocumentDidChange end
SMethod_TextDocumentDidChange start
tokens: 147 specs: 0 holes: 0 POs: 5 warnings: 0
didChange: took 0.082 ms
SMethod_TextDocumentDidChange end
SMethod_TextDocumentDidChange start
tokens: 147 specs: 0 holes: 0 POs: 5 warnings: 0
didChange: took 0.085 ms
SMethod_TextDocumentDidChange end
semantic token: start
json: decoding request
JSON content: {"filePath":"/workspaces/gcl-all/gcl-vscode/example/mss.gcl"}
json: decoding succeeded
Load: start
Load: reading virtual file
Load: no holes
Load: type/struct error
Load: end
SMethod_TextDocumentDidSave start
SMethod_TextDocumentDidSave end
SMethod_TextDocumentDidChange start
tokens: 147 specs: 0 holes: 0 POs: 5 warnings: 0
didChange: took 0.064 ms
SMethod_TextDocumentDidChange end
SMethod_TextDocumentDidChange start
tokens: 147 specs: 0 holes: 0 POs: 5 warnings: 0
didChange: took 0.072 ms
SMethod_TextDocumentDidChange end
SMethod_TextDocumentDidChange start
tokens: 147 specs: 0 holes: 0 POs: 5 warnings: 0
didChange: took 0.074 ms
SMethod_TextDocumentDidChange end
semantic token: start
SMethod_TextDocumentDidChange start
tokens: 147 specs: 0 holes: 0 POs: 5 warnings: 0
didChange: took 0.148 ms
SMethod_TextDocumentDidChange end
SMethod_TextDocumentDidChange start
tokens: 147 specs: 0 holes: 0 POs: 5 warnings: 0
didChange: took 0.092 ms
SMethod_TextDocumentDidChange end
semantic token: start
json: decoding request
JSON content: {"filePath":"/workspaces/gcl-all/gcl-vscode/example/mss.gcl"}
json: decoding succeeded
Load: start
Load: reading virtual file
Load: no holes
Load: no holes, setting file state directly
Load: sending workspace/semanticTokens/refresh
Load: end
semantic token: start
SMethod_TextDocumentDidSave start
SMethod_TextDocumentDidSave end

========== runOnStdio: log file start ==========
SMethod_Initialized is called.
SMethod_TextDocumentDidOpen start
Load: start
Load: reading virtual file
Load: no holes
Load: no holes, setting file state directly
Load: sending workspace/semanticTokens/refresh
Load: end
SMethod_TextDocumentDidOpen end
SMethod_WorkspaceDidChangeConfiguration start
SMethod_WorkspaceDidChangeConfiguration end
semantic token: start
SMethod_TextDocumentDidChange start
tokens: 147 specs: 0 holes: 0 POs: 5 warnings: 0
didChange: took 0.053 ms
SMethod_TextDocumentDidChange end
semantic token: start
SMethod_TextDocumentDidChange start
tokens: 147 specs: 0 holes: 0 POs: 5 warnings: 0
didChange: took 0.063 ms
SMethod_TextDocumentDidChange end
semantic token: start
SMethod_TextDocumentDidChange start
tokens: 147 specs: 0 holes: 0 POs: 5 warnings: 0
didChange: took 0.065 ms
SMethod_TextDocumentDidChange end
SMethod_TextDocumentDidChange start
tokens: 147 specs: 0 holes: 0 POs: 5 warnings: 0
didChange: took 0.048 ms
SMethod_TextDocumentDidChange end
semantic token: start
SMethod_TextDocumentDidChange start
tokens: 147 specs: 0 holes: 0 POs: 5 warnings: 0
didChange: took 0.085 ms
SMethod_TextDocumentDidChange end
SMethod_TextDocumentDidChange start
tokens: 147 specs: 0 holes: 0 POs: 5 warnings: 0
didChange: took 0.074 ms
SMethod_TextDocumentDidChange end
semantic token: start
SMethod_TextDocumentDidChange start
tokens: 147 specs: 0 holes: 0 POs: 5 warnings: 0
didChange: took 0.063 ms
SMethod_TextDocumentDidChange end
SMethod_TextDocumentDidChange start
tokens: 147 specs: 0 holes: 0 POs: 5 warnings: 0
didChange: took 0.068 ms
SMethod_TextDocumentDidChange end
SMethod_TextDocumentDidChange start
tokens: 147 specs: 0 holes: 0 POs: 5 warnings: 0
didChange: took 0.090 ms
SMethod_TextDocumentDidChange end
semantic token: start
SMethod_TextDocumentDidChange start
tokens: 147 specs: 0 holes: 0 POs: 5 warnings: 0
didChange: took 0.053 ms
SMethod_TextDocumentDidChange end
semantic token: start
SMethod_TextDocumentDidChange start
tokens: 147 specs: 0 holes: 0 POs: 5 warnings: 0
didChange: took 0.049 ms
SMethod_TextDocumentDidChange end
semantic token: start
SMethod_TextDocumentDidChange start
tokens: 147 specs: 0 holes: 0 POs: 5 warnings: 0
didChange: took 0.062 ms
SMethod_TextDocumentDidChange end
SMethod_TextDocumentDidSave start
SMethod_TextDocumentDidSave end
SMethod_TextDocumentDidChange start
tokens: 147 specs: 0 holes: 0 POs: 5 warnings: 0
didChange: took 0.063 ms
SMethod_TextDocumentDidChange end
SMethod_TextDocumentDidChange start
tokens: 147 specs: 0 holes: 0 POs: 5 warnings: 0
didChange: took 0.086 ms
SMethod_TextDocumentDidChange end
semantic token: start
SMethod_TextDocumentDidChange start
tokens: 147 specs: 0 holes: 0 POs: 5 warnings: 0
didChange: took 0.077 ms
SMethod_TextDocumentDidChange end
semantic token: start
json: decoding request
JSON content: {"filePath":"/workspaces/gcl-all/gcl-vscode/example/mss.gcl"}
json: decoding succeeded
Load: start
Load: reading virtual file
Load: no holes

========== FATAL ERROR in handler ==========
tuple length mismatch
CallStack (from HasCallStack):
  error, called at src/GCL/Type2/Infer.hs:613:6 in gcl-0.1.0.0-CgNPdGagmqj3QRdvxd56Hu:GCL.Type2.Infer

========== runOnStdio: log file start ==========
SMethod_Initialized is called.
SMethod_TextDocumentDidOpen start
Load: start
Load: reading virtual file
Load: no holes

========== FATAL ERROR in handler ==========
tuple length mismatch
CallStack (from HasCallStack):
  error, called at src/GCL/Type2/Infer.hs:613:6 in gcl-0.1.0.0-CgNPdGagmqj3QRdvxd56Hu:GCL.Type2.Infer

========== runOnStdio: log file start ==========
SMethod_Initialized is called.
SMethod_TextDocumentDidOpen start
Load: start
Load: reading virtual file
Load: no holes
Load: no holes, setting file state directly
Load: sending workspace/semanticTokens/refresh
Load: end
SMethod_TextDocumentDidOpen end
SMethod_WorkspaceDidChangeConfiguration start
SMethod_WorkspaceDidChangeConfiguration end
semantic token: start
json: decoding request
JSON content: {"filePath":"extension-output-scmlab.gcl-vscode-#3-GCL LSP Server"}
json: decoding succeeded
Load: start
Load: reading virtual file
Load: cannot read virtual file
Load: end
SMethod_TextDocumentDidChange start
tokens: 148 specs: 0 holes: 0 POs: 5 warnings: 0
didChange: took 0.075 ms
SMethod_TextDocumentDidChange end
SMethod_TextDocumentDidChange start
tokens: 148 specs: 0 holes: 0 POs: 5 warnings: 0
didChange: took 0.067 ms
SMethod_TextDocumentDidChange end
SMethod_TextDocumentDidChange start
tokens: 148 specs: 0 holes: 0 POs: 5 warnings: 0
didChange: took 0.092 ms
SMethod_TextDocumentDidChange end
semantic token: start
SMethod_TextDocumentDidChange start
tokens: 148 specs: 0 holes: 0 POs: 5 warnings: 0
didChange: took 0.069 ms
SMethod_TextDocumentDidChange end
SMethod_TextDocumentDidChange start
tokens: 147 specs: 0 holes: 0 POs: 5 warnings: 0
didChange: took 0.089 ms
SMethod_TextDocumentDidChange end
semantic token: start
SMethod_TextDocumentDidChange start
tokens: 147 specs: 0 holes: 0 POs: 5 warnings: 0
didChange: took 0.082 ms
SMethod_TextDocumentDidChange end
SMethod_TextDocumentDidChange start
tokens: 147 specs: 0 holes: 0 POs: 5 warnings: 0
didChange: took 0.072 ms
SMethod_TextDocumentDidChange end
semantic token: start
SMethod_TextDocumentDidSave start
SMethod_TextDocumentDidSave end
json: decoding request
JSON content: {"filePath":"extension-output-scmlab.gcl-vscode-#3-GCL LSP Server"}
json: decoding succeeded
Load: start
Load: reading virtual file
Load: cannot read virtual file
Load: end
SMethod_TextDocumentDidOpen start
Load: start
Load: reading virtual file
Load: no holes
Load: no holes, setting file state directly
Load: sending workspace/semanticTokens/refresh
Load: end
SMethod_TextDocumentDidOpen end
semantic token: start
semantic token: start
SMethod_TextDocumentDidOpen start
Load: start
Load: reading virtual file
Load: no holes
Load: no holes, setting file state directly
Load: sending workspace/semanticTokens/refresh
Load: end
SMethod_TextDocumentDidOpen end
semantic token: start
semantic token: start
json: decoding request
JSON content: {"filePath":"extension-output-scmlab.gcl-vscode-#3-GCL LSP Server"}
json: decoding succeeded
Load: start
Load: reading virtual file
Load: cannot read virtual file
Load: end

========== runOnStdio: log file start ==========
SMethod_Initialized is called.
SMethod_TextDocumentDidOpen start
Load: start
Load: reading virtual file
Load: no holes
Load: no holes, setting file state directly
Load: sending workspace/semanticTokens/refresh
Load: end
SMethod_TextDocumentDidOpen end
json: decoding request
JSON content: {"filePath":"/workspaces/gcl-all/gcl-vscode/example/datatype.gcl"}
json: decoding succeeded
Load: start
Load: reading virtual file
Load: no holes
Load: no holes, setting file state directly
Load: sending workspace/semanticTokens/refresh
Load: end
semantic token: start
json: decoding request
JSON content: {"filePath":"/workspaces/gcl-all/gcl-vscode/example/datatype.gcl"}
json: decoding succeeded
Load: start
Load: reading virtual file
Load: no holes
Load: no holes, setting file state directly
Load: sending workspace/semanticTokens/refresh
Load: end
SMethod_WorkspaceDidChangeConfiguration start
SMethod_WorkspaceDidChangeConfiguration end
semantic token: start
SMethod_TextDocumentDidClose start
SMethod_TextDocumentDidClose end
SMethod_TextDocumentDidOpen start
Load: start
Load: reading virtual file
Load: no holes
Load: no holes, setting file state directly
Load: sending workspace/semanticTokens/refresh
Load: end
SMethod_TextDocumentDidOpen end
semantic token: start
semantic token: start
SMethod_TextDocumentDidClose start
SMethod_TextDocumentDidClose end
SMethod_TextDocumentDidOpen start
Load: start
Load: reading virtual file
Load: no holes
Load: no holes, setting file state directly
Load: sending workspace/semanticTokens/refresh
Load: end
SMethod_TextDocumentDidOpen end
semantic token: start
semantic token: start
SMethod_TextDocumentDidClose start
SMethod_TextDocumentDidClose end
SMethod_TextDocumentDidOpen start
Load: start
Load: reading virtual file
Load: no holes
Load: no holes, setting file state directly
Load: sending workspace/semanticTokens/refresh
Load: end
SMethod_TextDocumentDidOpen end
semantic token: start
semantic token: start
SMethod_TextDocumentDidClose start
SMethod_TextDocumentDidClose end
SMethod_TextDocumentDidOpen start
Load: start
Load: reading virtual file
Load: no holes
Load: no holes, setting file state directly
Load: sending workspace/semanticTokens/refresh
Load: end
SMethod_TextDocumentDidOpen end
semantic token: start
semantic token: start
SMethod_TextDocumentDidOpen start
Load: start
Load: reading virtual file
Load: no holes
Load: no holes, setting file state directly
Load: sending workspace/semanticTokens/refresh
Load: end
SMethod_TextDocumentDidOpen end
semantic token: start
semantic token: start
SMethod_TextDocumentDidClose start
SMethod_TextDocumentDidClose end
SMethod_TextDocumentDidOpen start
Load: start
Load: reading virtual file
Load: no holes
Load: no holes, setting file state directly
Load: sending workspace/semanticTokens/refresh
Load: end
SMethod_TextDocumentDidOpen end
semantic token: start
semantic token: start
SMethod_TextDocumentDidClose start
SMethod_TextDocumentDidClose end
SMethod_TextDocumentDidOpen start
Load: start
Load: reading virtual file
Load: no holes
Load: no holes, setting file state directly
Load: sending workspace/semanticTokens/refresh
Load: end
SMethod_TextDocumentDidOpen end
semantic token: start
semantic token: start
SMethod_TextDocumentDidOpen start
Load: start
Load: reading virtual file
Load: no holes
Load: no holes, setting file state directly
Load: sending workspace/semanticTokens/refresh
Load: end
SMethod_TextDocumentDidOpen end
semantic token: start
semantic token: start
SMethod_TextDocumentDidClose start
SMethod_TextDocumentDidClose end
SMethod_TextDocumentDidOpen start
Load: start
Load: reading virtual file
Load: no holes
Load: no holes, setting file state directly
Load: sending workspace/semanticTokens/refresh
Load: end
SMethod_TextDocumentDidOpen end
semantic token: start
SMethod_TextDocumentDidClose start
SMethod_TextDocumentDidClose end
SMethod_TextDocumentDidOpen start
Load: start
Load: reading virtual file
Load: no holes
Load: no holes, setting file state directly
Load: sending workspace/semanticTokens/refresh
Load: end
SMethod_TextDocumentDidOpen end
semantic token: start
SMethod_TextDocumentDidClose start
SMethod_TextDocumentDidClose end
SMethod_TextDocumentDidOpen start
Load: start
Load: reading virtual file
Load: no holes
Load: no holes, setting file state directly
Load: sending workspace/semanticTokens/refresh
Load: end
SMethod_TextDocumentDidOpen end
semantic token: start
SMethod_TextDocumentDidClose start
SMethod_TextDocumentDidClose end
SMethod_TextDocumentDidOpen start
Load: start
Load: reading virtual file
Load: no holes
Load: no holes, setting file state directly
Load: sending workspace/semanticTokens/refresh
Load: end
SMethod_TextDocumentDidOpen end
semantic token: start
semantic token: start
SMethod_TextDocumentDidClose start
SMethod_TextDocumentDidClose end
SMethod_TextDocumentDidOpen start
Load: start
Load: reading virtual file
Load: no holes
Load: no holes, setting file state directly
Load: sending workspace/semanticTokens/refresh
Load: end
SMethod_TextDocumentDidOpen end
semantic token: start
SMethod_TextDocumentDidClose start
SMethod_TextDocumentDidClose end
SMethod_TextDocumentDidOpen start
Load: start
Load: reading virtual file
Load: no holes
Load: no holes, setting file state directly
Load: sending workspace/semanticTokens/refresh
Load: end
SMethod_TextDocumentDidOpen end
semantic token: start
semantic token: start
SMethod_TextDocumentDidClose start
SMethod_TextDocumentDidClose end
SMethod_TextDocumentDidOpen start
Load: start
Load: reading virtual file
Load: no holes
Load: no holes, setting file state directly
Load: sending workspace/semanticTokens/refresh
Load: end
SMethod_TextDocumentDidOpen end
semantic token: start
semantic token: start
SMethod_TextDocumentDidClose start
SMethod_TextDocumentDidClose end
SMethod_TextDocumentDidOpen start
Load: start
Load: reading virtual file
Load: no holes
Load: no holes, setting file state directly
Load: sending workspace/semanticTokens/refresh
Load: end
SMethod_TextDocumentDidOpen end
semantic token: start
semantic token: start
SMethod_TextDocumentDidClose start
SMethod_TextDocumentDidClose end
SMethod_TextDocumentDidOpen start
Load: start
Load: reading virtual file
Load: no holes
Load: no holes, setting file state directly
Load: sending workspace/semanticTokens/refresh
Load: end
SMethod_TextDocumentDidOpen end
semantic token: start
semantic token: start
